=======================================================
  DR Grading: Swin-Tiny on Kaggle DR-2015
=======================================================

  Found 35126 preprocessed images in src/data/processed
============================================================
  Diabetic Retinopathy Grading — Swin-Tiny
============================================================
  GPU         : NVIDIA RTX A4000  (16.7 GB)
  image_size  : 224
  batch_size  : 32
  epochs      : 25  (warmup=2)
  AMP         : True
  sampler     : weighted
  loss weights: False

  Dataset: Kaggle DR-2015 (training split)
  Image dir: src/data/processed
  Total: 35126  |  Train: 29857  |  Val: 5269

  Train class distribution:
    No_DR             :  21938  (73.5%)
    Mild              :   2077  (7.0%)
    Moderate          :   4498  (15.1%)
    Severe            :    742  (2.5%)
    Proliferate_DR    :    602  (2.0%)

  Val batch shape: (32, 3, 224, 224)
  Val pixel mean/std: 0.305 / 0.616
  model params: 27.5M

────────────────────────────────────────────────────────────
  Epoch 1/25  |  lr(head)=1.00e-06
  [TRAIN]
    step   50/933  loss=1.6625  acc=0.2044
    step  100/933  loss=1.6503  acc=0.2184
    step  150/933  loss=1.6372  acc=0.2213
    step  200/933  loss=1.6322  acc=0.2220
    step  250/933  loss=1.6205  acc=0.2334
    step  300/933  loss=1.6117  acc=0.2426
    step  350/933  loss=1.6004  acc=0.2529
    step  400/933  loss=1.5872  acc=0.2641
    step  450/933  loss=1.5706  acc=0.2774
    step  500/933  loss=1.5510  acc=0.2922
    step  550/933  loss=1.5342  acc=0.3022
    step  600/933  loss=1.5162  acc=0.3132
    step  650/933  loss=1.4993  acc=0.3234
    step  700/933  loss=1.4843  acc=0.3325
    step  750/933  loss=1.4716  acc=0.3392
    step  800/933  loss=1.4605  acc=0.3452
    step  850/933  loss=1.4487  acc=0.3523
    step  900/933  loss=1.4376  acc=0.3593
  [VAL]
  Pred-score distribution by true class:
    No_DR               mean=1.170  std=0.449  n=3872
    Mild                mean=1.254  std=0.465  n=366
    Moderate            mean=1.855  std=0.766  n=794
    Severe              mean=2.665  std=0.631  n=131
    Proliferate_DR      mean=3.190  std=0.461  n=106

  time=102s
  train  loss=1.4312  acc=0.3635  kappa=0.4694  f1=0.3607
  val    loss=1.2637  acc=0.3940  kappa=0.4280  f1=0.3206
  tuned  acc=0.6741  kappa=0.6102  f1=0.3643
  thresholds: [1.4880000352859497, 2.437999963760376, 2.8239998817443848, 3.0269999504089355]
  GPU: alloc=0.47GB / reserved=2.93GB / total=16.74GB
  Saved checkpoint → outputs/best_model.pth
  ★ new best kappa: 0.6102

────────────────────────────────────────────────────────────
  Epoch 2/25  |  lr(head)=5.05e-05
  [TRAIN]
    step   50/933  loss=1.2219  acc=0.4844
    step  100/933  loss=1.2251  acc=0.4738
    step  150/933  loss=1.2288  acc=0.4773
    step  200/933  loss=1.2220  acc=0.4786
    step  250/933  loss=1.2198  acc=0.4763
    step  300/933  loss=1.2197  acc=0.4786
    step  350/933  loss=1.2176  acc=0.4774
    step  400/933  loss=1.2156  acc=0.4777
    step  450/933  loss=1.2139  acc=0.4787
    step  500/933  loss=1.2117  acc=0.4806
    step  550/933  loss=1.2100  acc=0.4810
    step  600/933  loss=1.2064  acc=0.4822
    step  650/933  loss=1.2037  acc=0.4845
    step  700/933  loss=1.2012  acc=0.4863
    step  750/933  loss=1.1991  acc=0.4878
    step  800/933  loss=1.1973  acc=0.4898
    step  850/933  loss=1.1942  acc=0.4913
    step  900/933  loss=1.1907  acc=0.4926
  [VAL]
  Pred-score distribution by true class:
    No_DR               mean=1.049  std=0.472  n=3872
    Mild                mean=1.144  std=0.477  n=366
    Moderate            mean=1.916  std=0.834  n=794
    Severe              mean=2.760  std=0.609  n=131
    Proliferate_DR      mean=3.444  std=0.449  n=106

  time=100s
  train  loss=1.1886  acc=0.4938  kappa=0.7223  f1=0.4910
  val    loss=1.1964  acc=0.4386  kappa=0.4913  f1=0.3671
  tuned  acc=0.6849  kappa=0.6568  f1=0.4195
  thresholds: [1.3990000486373901, 2.4860000610351562, 2.760999917984009, 3.6040000915527344]
  GPU: alloc=0.47GB / reserved=2.93GB / total=16.74GB
  Saved checkpoint → outputs/best_model.pth
  ★ new best kappa: 0.6568

────────────────────────────────────────────────────────────
  Epoch 3/25  |  lr(head)=1.00e-04
  [TRAIN]
    step   50/933  loss=1.1028  acc=0.5544
    step  100/933  loss=1.1138  acc=0.5406
    step  150/933  loss=1.1134  acc=0.5379
    step  200/933  loss=1.1133  acc=0.5377
    step  250/933  loss=1.1114  acc=0.5375
    step  300/933  loss=1.1081  acc=0.5404
    step  350/933  loss=1.1028  acc=0.5412
    step  400/933  loss=1.1008  acc=0.5412
    step  450/933  loss=1.1018  acc=0.5399
    step  500/933  loss=1.1010  acc=0.5416
    step  550/933  loss=1.1000  acc=0.5421
    step  600/933  loss=1.0992  acc=0.5440
    step  650/933  loss=1.0991  acc=0.5439
    step  700/933  loss=1.0979  acc=0.5438
    step  750/933  loss=1.0959  acc=0.5457
    step  800/933  loss=1.0942  acc=0.5471
    step  850/933  loss=1.0925  acc=0.5486
    step  900/933  loss=1.0924  acc=0.5489
  [VAL]
  Pred-score distribution by true class:
    No_DR               mean=1.002  std=0.460  n=3872
    Mild                mean=1.180  std=0.505  n=366
    Moderate            mean=1.963  std=0.824  n=794
    Severe              mean=2.795  std=0.554  n=131
    Proliferate_DR      mean=3.511  std=0.489  n=106

  time=100s
  train  loss=1.0912  acc=0.5494  kappa=0.7705  f1=0.5484
  val    loss=1.1324  acc=0.5696  kappa=0.5471  f1=0.4269
  tuned  acc=0.6952  kappa=0.6960  f1=0.4611
  thresholds: [1.340000033378601, 2.1579999923706055, 2.7130000591278076, 3.687999963760376]
  GPU: alloc=0.47GB / reserved=2.93GB / total=16.74GB
  Saved checkpoint → outputs/best_model.pth
  ★ new best kappa: 0.6960

────────────────────────────────────────────────────────────
  Epoch 4/25  |  lr(head)=9.95e-05
  [TRAIN]
    step   50/933  loss=1.0680  acc=0.5506
    step  100/933  loss=1.0615  acc=0.5637
    step  150/933  loss=1.0523  acc=0.5640
    step  200/933  loss=1.0583  acc=0.5627
    step  250/933  loss=1.0549  acc=0.5654
    step  300/933  loss=1.0521  acc=0.5664
    step  350/933  loss=1.0519  acc=0.5649
    step  400/933  loss=1.0533  acc=0.5645
    step  450/933  loss=1.0536  acc=0.5634
    step  500/933  loss=1.0503  acc=0.5657
    step  550/933  loss=1.0490  acc=0.5666
    step  600/933  loss=1.0465  acc=0.5679
    step  650/933  loss=1.0466  acc=0.5680
    step  700/933  loss=1.0450  acc=0.5690
    step  750/933  loss=1.0426  acc=0.5712
    step  800/933  loss=1.0412  acc=0.5713
    step  850/933  loss=1.0386  acc=0.5732
    step  900/933  loss=1.0380  acc=0.5742
  [VAL]
  Pred-score distribution by true class:
    No_DR               mean=0.849  std=0.382  n=3872
    Mild                mean=0.954  std=0.395  n=366
    Moderate            mean=1.746  std=0.815  n=794
    Severe              mean=2.641  std=0.600  n=131
    Proliferate_DR      mean=3.402  std=0.595  n=106

  time=100s
  train  loss=1.0378  acc=0.5744  kappa=0.7915  f1=0.5727
  val    loss=1.0381  acc=0.6087  kappa=0.6070  f1=0.4624
  tuned  acc=0.7106  kappa=0.6986  f1=0.4615
  thresholds: [1.1380000114440918, 1.8380000591278076, 2.5480000972747803, 3.434999942779541]
  GPU: alloc=0.47GB / reserved=2.93GB / total=16.74GB
  Saved checkpoint → outputs/best_model.pth
  ★ new best kappa: 0.6986

────────────────────────────────────────────────────────────
  Epoch 5/25  |  lr(head)=9.82e-05
  [TRAIN]
    step   50/933  loss=1.0236  acc=0.5931
    step  100/933  loss=1.0162  acc=0.5928
    step  150/933  loss=1.0142  acc=0.5887
    step  200/933  loss=1.0127  acc=0.5881
    step  250/933  loss=1.0127  acc=0.5837
    step  300/933  loss=1.0122  acc=0.5849
    step  350/933  loss=1.0158  acc=0.5848
    step  400/933  loss=1.0128  acc=0.5884
    step  450/933  loss=1.0096  acc=0.5901
    step  500/933  loss=1.0107  acc=0.5894
    step  550/933  loss=1.0091  acc=0.5909
    step  600/933  loss=1.0080  acc=0.5915
    step  650/933  loss=1.0035  acc=0.5948
    step  700/933  loss=1.0034  acc=0.5946
    step  750/933  loss=1.0009  acc=0.5961
    step  800/933  loss=0.9979  acc=0.5974
    step  850/933  loss=0.9974  acc=0.5978
    step  900/933  loss=0.9957  acc=0.5989
  [VAL]
  Pred-score distribution by true class:
    No_DR               mean=0.950  std=0.414  n=3872
    Mild                mean=1.097  std=0.429  n=366
    Moderate            mean=1.911  std=0.783  n=794
    Severe              mean=2.747  std=0.587  n=131
    Proliferate_DR      mean=3.538  std=0.532  n=106

  time=100s
  train  loss=0.9958  acc=0.5992  kappa=0.8055  f1=0.5992
  val    loss=1.1272  acc=0.5007  kappa=0.5449  f1=0.4395
  tuned  acc=0.7294  kappa=0.7092  f1=0.4511
  thresholds: [1.437000036239624, 1.9420000314712524, 2.364000082015991, 3.8310000896453857]
  GPU: alloc=0.47GB / reserved=2.93GB / total=16.74GB
  Saved checkpoint → outputs/best_model.pth
  ★ new best kappa: 0.7092

  Per-class report:
                precision    recall  f1-score   support

         No_DR       0.86      0.90      0.88      3872
          Mild       0.11      0.14      0.12       366
      Moderate       0.61      0.18      0.27       794
        Severe       0.24      0.82      0.37       131
Proliferate_DR       0.86      0.47      0.61       106

      accuracy                           0.73      5269
     macro avg       0.54      0.50      0.45      5269
  weighted avg       0.76      0.73      0.72      5269


────────────────────────────────────────────────────────────
  Epoch 6/25  |  lr(head)=9.59e-05
  [TRAIN]
    step   50/933  loss=0.9731  acc=0.6075
    step  100/933  loss=0.9779  acc=0.6072
    step  150/933  loss=0.9684  acc=0.6108
    step  200/933  loss=0.9717  acc=0.6100
    step  250/933  loss=0.9726  acc=0.6088
    step  300/933  loss=0.9693  acc=0.6134
    step  350/933  loss=0.9698  acc=0.6129
    step  400/933  loss=0.9690  acc=0.6148
    step  450/933  loss=0.9669  acc=0.6147
    step  500/933  loss=0.9655  acc=0.6157
    step  550/933  loss=0.9665  acc=0.6161
    step  600/933  loss=0.9651  acc=0.6171
    step  650/933  loss=0.9652  acc=0.6164
    step  700/933  loss=0.9626  acc=0.6188
    step  750/933  loss=0.9596  acc=0.6209
    step  800/933  loss=0.9581  acc=0.6216
    step  850/933  loss=0.9572  acc=0.6218
    step  900/933  loss=0.9568  acc=0.6220
  [VAL]
  Pred-score distribution by true class:
    No_DR               mean=0.814  std=0.350  n=3872
    Mild                mean=0.963  std=0.404  n=366
    Moderate            mean=1.777  std=0.816  n=794
    Severe              mean=2.696  std=0.646  n=131
    Proliferate_DR      mean=3.433  std=0.636  n=106

  time=100s
  train  loss=0.9556  acc=0.6222  kappa=0.8205  f1=0.6210
  val    loss=1.0535  acc=0.5669  kappa=0.6134  f1=0.4775
  tuned  acc=0.7117  kappa=0.7289  f1=0.4789
  thresholds: [1.0789999961853027, 1.9359999895095825, 2.4719998836517334, 3.372999906539917]
  GPU: alloc=0.47GB / reserved=2.93GB / total=16.74GB
  Saved checkpoint → outputs/best_model.pth
  ★ new best kappa: 0.7289

────────────────────────────────────────────────────────────
  Epoch 7/25  |  lr(head)=9.28e-05
  [TRAIN]
    step   50/933  loss=0.9556  acc=0.6188
    step  100/933  loss=0.9443  acc=0.6281
    step  150/933  loss=0.9333  acc=0.6340
    step  200/933  loss=0.9355  acc=0.6339
    step  250/933  loss=0.9297  acc=0.6382
    step  300/933  loss=0.9272  acc=0.6375
    step  350/933  loss=0.9249  acc=0.6396
    step  400/933  loss=0.9308  acc=0.6350
    step  450/933  loss=0.9277  acc=0.6364
    step  500/933  loss=0.9279  acc=0.6361
    step  550/933  loss=0.9285  acc=0.6368
    step  600/933  loss=0.9261  acc=0.6363
    step  650/933  loss=0.9233  acc=0.6375
    step  700/933  loss=0.9218  acc=0.6384
    step  750/933  loss=0.9191  acc=0.6402
    step  800/933  loss=0.9182  acc=0.6401
    step  850/933  loss=0.9183  acc=0.6394
    step  900/933  loss=0.9181  acc=0.6400
  [VAL]
  Pred-score distribution by true class:
    No_DR               mean=0.811  std=0.409  n=3872
    Mild                mean=0.996  std=0.466  n=366
    Moderate            mean=1.847  std=0.830  n=794
    Severe              mean=2.756  std=0.613  n=131
    Proliferate_DR      mean=3.518  std=0.618  n=106

  time=100s
  train  loss=0.9175  acc=0.6402  kappa=0.8274  f1=0.6398
  val    loss=1.0250  acc=0.6216  kappa=0.6230  f1=0.4721
  tuned  acc=0.7326  kappa=0.7274  f1=0.4849
  thresholds: [1.2410000562667847, 1.9739999771118164, 2.5840001106262207, 3.7260000705718994]
  GPU: alloc=0.47GB / reserved=2.93GB / total=16.74GB
  EarlyStopping: 1/8

────────────────────────────────────────────────────────────
  Epoch 8/25  |  lr(head)=8.89e-05
  [TRAIN]
    step   50/933  loss=0.8830  acc=0.6569
    step  100/933  loss=0.8661  acc=0.6700
    step  150/933  loss=0.8675  acc=0.6752
    step  200/933  loss=0.8766  acc=0.6700
    step  250/933  loss=0.8750  acc=0.6720
    step  300/933  loss=0.8746  acc=0.6710
    step  350/933  loss=0.8741  acc=0.6698
    step  400/933  loss=0.8771  acc=0.6702
    step  450/933  loss=0.8788  acc=0.6667
    step  500/933  loss=0.8804  acc=0.6645
    step  550/933  loss=0.8809  acc=0.6627
    step  600/933  loss=0.8824  acc=0.6613
    step  650/933  loss=0.8830  acc=0.6610
    step  700/933  loss=0.8821  acc=0.6614
    step  750/933  loss=0.8812  acc=0.6620
    step  800/933  loss=0.8783  acc=0.6643
    step  850/933  loss=0.8768  acc=0.6647
    step  900/933  loss=0.8776  acc=0.6642
  [VAL]
  Pred-score distribution by true class:
    No_DR               mean=0.816  std=0.349  n=3872
    Mild                mean=0.976  std=0.411  n=366
    Moderate            mean=1.765  std=0.781  n=794
    Severe              mean=2.669  std=0.595  n=131
    Proliferate_DR      mean=3.367  std=0.675  n=106

  time=100s
  train  loss=0.8782  acc=0.6638  kappa=0.8394  f1=0.6625
  val    loss=1.0758  acc=0.5496  kappa=0.6131  f1=0.4762
  tuned  acc=0.7535  kappa=0.7301  f1=0.5085
  thresholds: [1.2000000476837158, 1.7089999914169312, 2.5260000228881836, 3.2639999389648438]
  GPU: alloc=0.47GB / reserved=2.93GB / total=16.74GB
  Saved checkpoint → outputs/best_model.pth
  ★ new best kappa: 0.7301

────────────────────────────────────────────────────────────
  Epoch 9/25  |  lr(head)=8.43e-05
  [TRAIN]
    step   50/933  loss=0.8578  acc=0.6713
    step  100/933  loss=0.8657  acc=0.6691
    step  150/933  loss=0.8566  acc=0.6735
    step  200/933  loss=0.8670  acc=0.6687
    step  250/933  loss=0.8639  acc=0.6696
    step  300/933  loss=0.8607  acc=0.6723
    step  350/933  loss=0.8594  acc=0.6714
    step  400/933  loss=0.8562  acc=0.6754
    step  450/933  loss=0.8527  acc=0.6785
    step  500/933  loss=0.8541  acc=0.6773
    step  550/933  loss=0.8520  acc=0.6776
    step  600/933  loss=0.8524  acc=0.6778
    step  650/933  loss=0.8524  acc=0.6780
    step  700/933  loss=0.8505  acc=0.6792
    step  750/933  loss=0.8501  acc=0.6789
    step  800/933  loss=0.8501  acc=0.6788
    step  850/933  loss=0.8485  acc=0.6792
    step  900/933  loss=0.8479  acc=0.6800
  [VAL]
  Pred-score distribution by true class:
    No_DR               mean=0.800  std=0.357  n=3872
    Mild                mean=0.966  std=0.395  n=366
    Moderate            mean=1.739  std=0.784  n=794
    Severe              mean=2.631  std=0.612  n=131
    Proliferate_DR      mean=3.403  std=0.712  n=106

  time=100s
  train  loss=0.8467  acc=0.6808  kappa=0.8516  f1=0.6775
  val    loss=1.1062  acc=0.5062  kappa=0.5943  f1=0.4693
  tuned  acc=0.7284  kappa=0.7324  f1=0.4942
  thresholds: [1.093999981880188, 1.753999948501587, 2.2699999809265137, 3.7179999351501465]
  GPU: alloc=0.47GB / reserved=2.93GB / total=16.74GB
  Saved checkpoint → outputs/best_model.pth
  ★ new best kappa: 0.7324

────────────────────────────────────────────────────────────
  Epoch 10/25  |  lr(head)=7.90e-05
  [TRAIN]
    step   50/933  loss=0.8488  acc=0.6875
    step  100/933  loss=0.8424  acc=0.6800
    step  150/933  loss=0.8365  acc=0.6835
    step  200/933  loss=0.8400  acc=0.6819
    step  250/933  loss=0.8421  acc=0.6833
    step  300/933  loss=0.8385  acc=0.6872
    step  350/933  loss=0.8326  acc=0.6921
    step  400/933  loss=0.8336  acc=0.6904
    step  450/933  loss=0.8288  acc=0.6921
    step  500/933  loss=0.8303  acc=0.6907
    step  550/933  loss=0.8286  acc=0.6919
    step  600/933  loss=0.8282  acc=0.6921
    step  650/933  loss=0.8288  acc=0.6917
    step  700/933  loss=0.8287  acc=0.6923
    step  750/933  loss=0.8300  acc=0.6917
    step  800/933  loss=0.8288  acc=0.6924
    step  850/933  loss=0.8286  acc=0.6925
    step  900/933  loss=0.8262  acc=0.6939
  [VAL]
  Pred-score distribution by true class:
    No_DR               mean=0.769  std=0.378  n=3872
    Mild                mean=0.951  std=0.426  n=366
    Moderate            mean=1.743  std=0.761  n=794
    Severe              mean=2.627  std=0.611  n=131
    Proliferate_DR      mean=3.347  std=0.708  n=106

  time=100s
  train  loss=0.8260  acc=0.6935  kappa=0.8566  f1=0.6932
  val    loss=1.0174  acc=0.6216  kappa=0.6238  f1=0.4927
  tuned  acc=0.7470  kappa=0.7305  f1=0.4953
  thresholds: [1.215000033378601, 1.7350000143051147, 2.2330000400543213, 3.63100004196167]
  GPU: alloc=0.47GB / reserved=2.93GB / total=16.74GB

  Per-class report:
                precision    recall  f1-score   support

         No_DR       0.87      0.90      0.89      3872
          Mild       0.13      0.18      0.15       366
      Moderate       0.66      0.27      0.38       794
        Severe       0.28      0.76      0.41       131
Proliferate_DR       0.81      0.54      0.65       106

      accuracy                           0.75      5269
     macro avg       0.55      0.53      0.50      5269
  weighted avg       0.77      0.75      0.74      5269

  EarlyStopping: 1/8

────────────────────────────────────────────────────────────
  Epoch 11/25  |  lr(head)=7.33e-05
  [TRAIN]
    step   50/933  loss=0.8035  acc=0.7050
    step  100/933  loss=0.8073  acc=0.7063
    step  150/933  loss=0.7902  acc=0.7119
    step  200/933  loss=0.7971  acc=0.7047
    step  250/933  loss=0.8036  acc=0.7013
    step  300/933  loss=0.8066  acc=0.7004
    step  350/933  loss=0.8069  acc=0.7000
    step  400/933  loss=0.8069  acc=0.7008
    step  450/933  loss=0.8047  acc=0.7024
    step  500/933  loss=0.8075  acc=0.7021
    step  550/933  loss=0.8093  acc=0.7014
    step  600/933  loss=0.8082  acc=0.7030
    step  650/933  loss=0.8063  acc=0.7038
    step  700/933  loss=0.8049  acc=0.7045
    step  750/933  loss=0.8050  acc=0.7048
    step  800/933  loss=0.8050  acc=0.7050
    step  850/933  loss=0.8045  acc=0.7052
    step  900/933  loss=0.8046  acc=0.7050
  [VAL]
  Pred-score distribution by true class:
    No_DR               mean=0.711  std=0.310  n=3872
    Mild                mean=0.894  std=0.388  n=366
    Moderate            mean=1.632  std=0.750  n=794
    Severe              mean=2.516  std=0.627  n=131
    Proliferate_DR      mean=3.190  std=0.829  n=106

  time=100s
  train  loss=0.8046  acc=0.7050  kappa=0.8617  f1=0.7058
  val    loss=1.0026  acc=0.6062  kappa=0.6449  f1=0.5072
  tuned  acc=0.7440  kappa=0.7413  f1=0.5116
  thresholds: [1.0119999647140503, 1.7269999980926514, 2.2269999980926514, 3.1679999828338623]
  GPU: alloc=0.47GB / reserved=2.93GB / total=16.74GB
  Saved checkpoint → outputs/best_model.pth
  ★ new best kappa: 0.7413

────────────────────────────────────────────────────────────
  Epoch 12/25  |  lr(head)=6.71e-05
  [TRAIN]
    step   50/933  loss=0.7573  acc=0.7400
    step  100/933  loss=0.7900  acc=0.7178
    step  150/933  loss=0.7938  acc=0.7142
    step  200/933  loss=0.7963  acc=0.7136
    step  250/933  loss=0.7952  acc=0.7126
    step  300/933  loss=0.7943  acc=0.7105
    step  350/933  loss=0.7924  acc=0.7124
    step  400/933  loss=0.7908  acc=0.7141
    step  450/933  loss=0.7890  acc=0.7151
    step  500/933  loss=0.7893  acc=0.7143
    step  550/933  loss=0.7903  acc=0.7136
    step  600/933  loss=0.7891  acc=0.7136
    step  650/933  loss=0.7894  acc=0.7145
    step  700/933  loss=0.7906  acc=0.7139
    step  750/933  loss=0.7899  acc=0.7145
    step  800/933  loss=0.7897  acc=0.7142
    step  850/933  loss=0.7894  acc=0.7138
    step  900/933  loss=0.7874  acc=0.7144
  [VAL]
  Pred-score distribution by true class:
    No_DR               mean=0.894  std=0.423  n=3872
    Mild                mean=1.113  std=0.475  n=366
    Moderate            mean=1.863  std=0.688  n=794
    Severe              mean=2.634  std=0.539  n=131
    Proliferate_DR      mean=3.380  std=0.671  n=106

  time=100s
  train  loss=0.7877  acc=0.7142  kappa=0.8705  f1=0.7138
  val    loss=1.1091  acc=0.5616  kappa=0.5563  f1=0.4734
  tuned  acc=0.7470  kappa=0.7295  f1=0.5111
  thresholds: [1.3899999856948853, 1.9229999780654907, 2.558000087738037, 3.0869998931884766]
  GPU: alloc=0.47GB / reserved=2.93GB / total=16.74GB
  EarlyStopping: 1/8

────────────────────────────────────────────────────────────
  Epoch 13/25  |  lr(head)=6.06e-05
  [TRAIN]
    step   50/933  loss=0.7661  acc=0.7281
    step  100/933  loss=0.7618  acc=0.7294
    step  150/933  loss=0.7636  acc=0.7288
    step  200/933  loss=0.7649  acc=0.7302
    step  250/933  loss=0.7702  acc=0.7245
    step  300/933  loss=0.7704  acc=0.7256
    step  350/933  loss=0.7693  acc=0.7239
    step  400/933  loss=0.7662  acc=0.7267
    step  450/933  loss=0.7691  acc=0.7266
    step  500/933  loss=0.7710  acc=0.7249
    step  550/933  loss=0.7718  acc=0.7245
    step  600/933  loss=0.7720  acc=0.7236
    step  650/933  loss=0.7713  acc=0.7237
    step  700/933  loss=0.7693  acc=0.7247
    step  750/933  loss=0.7696  acc=0.7235
    step  800/933  loss=0.7684  acc=0.7245
    step  850/933  loss=0.7669  acc=0.7250
    step  900/933  loss=0.7667  acc=0.7254
  [VAL]
  Pred-score distribution by true class:
    No_DR               mean=0.763  std=0.342  n=3872
    Mild                mean=0.950  std=0.401  n=366
    Moderate            mean=1.673  std=0.700  n=794
    Severe              mean=2.489  std=0.596  n=131
    Proliferate_DR      mean=3.192  std=0.834  n=106

  time=100s
  train  loss=0.7662  acc=0.7258  kappa=0.8721  f1=0.7250
  val    loss=1.0433  acc=0.5756  kappa=0.6143  f1=0.4971
  tuned  acc=0.7337  kappa=0.7324  f1=0.4944
  thresholds: [1.090999960899353, 1.7719999551773071, 2.0910000801086426, 3.428999900817871]
  GPU: alloc=0.47GB / reserved=2.93GB / total=16.74GB
  EarlyStopping: 2/8

────────────────────────────────────────────────────────────
  Epoch 14/25  |  lr(head)=5.39e-05
  [TRAIN]
    step   50/933  loss=0.7590  acc=0.7288
    step  100/933  loss=0.7595  acc=0.7247
    step  150/933  loss=0.7602  acc=0.7233
    step  200/933  loss=0.7603  acc=0.7248
    step  250/933  loss=0.7563  acc=0.7255
    step  300/933  loss=0.7531  acc=0.7288
    step  350/933  loss=0.7539  acc=0.7288
    step  400/933  loss=0.7525  acc=0.7314
    step  450/933  loss=0.7524  acc=0.7321
    step  500/933  loss=0.7518  acc=0.7323
    step  550/933  loss=0.7515  acc=0.7330
    step  600/933  loss=0.7508  acc=0.7334
    step  650/933  loss=0.7508  acc=0.7337
    step  700/933  loss=0.7499  acc=0.7345
    step  750/933  loss=0.7505  acc=0.7338
    step  800/933  loss=0.7510  acc=0.7336
    step  850/933  loss=0.7517  acc=0.7334
    step  900/933  loss=0.7498  acc=0.7348
  [VAL]
  Pred-score distribution by true class:
    No_DR               mean=0.751  std=0.366  n=3872
    Mild                mean=0.965  std=0.429  n=366
    Moderate            mean=1.709  std=0.725  n=794
    Severe              mean=2.532  std=0.603  n=131
    Proliferate_DR      mean=3.270  std=0.777  n=106

  time=100s
  train  loss=0.7498  acc=0.7350  kappa=0.8791  f1=0.7342
  val    loss=1.0008  acc=0.6204  kappa=0.6262  f1=0.4999
  tuned  acc=0.7301  kappa=0.7340  f1=0.5246
  thresholds: [1.0240000486373901, 1.843999981880188, 2.5769999027252197, 3.5320000648498535]
  GPU: alloc=0.47GB / reserved=2.93GB / total=16.74GB
  EarlyStopping: 3/8

────────────────────────────────────────────────────────────
  Epoch 15/25  |  lr(head)=4.71e-05
  [TRAIN]
    step   50/933  loss=0.7463  acc=0.7400
    step  100/933  loss=0.7593  acc=0.7312
    step  150/933  loss=0.7548  acc=0.7362
    step  200/933  loss=0.7442  acc=0.7419
    step  250/933  loss=0.7451  acc=0.7418
    step  300/933  loss=0.7411  acc=0.7416
    step  350/933  loss=0.7437  acc=0.7402
    step  400/933  loss=0.7459  acc=0.7388
    step  450/933  loss=0.7480  acc=0.7371
    step  500/933  loss=0.7493  acc=0.7368
    step  550/933  loss=0.7493  acc=0.7362
    step  600/933  loss=0.7490  acc=0.7353
    step  650/933  loss=0.7475  acc=0.7358
    step  700/933  loss=0.7460  acc=0.7375
    step  750/933  loss=0.7457  acc=0.7378
    step  800/933  loss=0.7447  acc=0.7382
    step  850/933  loss=0.7433  acc=0.7393
    step  900/933  loss=0.7413  acc=0.7403
  [VAL]
  Pred-score distribution by true class:
    No_DR               mean=0.786  std=0.391  n=3872
    Mild                mean=1.004  std=0.458  n=366
    Moderate            mean=1.761  std=0.709  n=794
    Severe              mean=2.565  std=0.578  n=131
    Proliferate_DR      mean=3.330  std=0.736  n=106

  time=100s
  train  loss=0.7402  acc=0.7407  kappa=0.8841  f1=0.7397
  val    loss=1.0481  acc=0.5959  kappa=0.5987  f1=0.4927
  tuned  acc=0.7345  kappa=0.7384  f1=0.5155
  thresholds: [1.180999994277954, 1.8250000476837158, 2.313999891281128, 3.61899995803833]
  GPU: alloc=0.47GB / reserved=2.93GB / total=16.74GB

  Per-class report:
                precision    recall  f1-score   support

         No_DR       0.88      0.87      0.88      3872
          Mild       0.11      0.20      0.14       366
      Moderate       0.68      0.33      0.44       794
        Severe       0.32      0.68      0.44       131
Proliferate_DR       0.82      0.58      0.68       106

      accuracy                           0.73      5269
     macro avg       0.56      0.53      0.52      5269
  weighted avg       0.78      0.73      0.75      5269

  EarlyStopping: 4/8

────────────────────────────────────────────────────────────
  Epoch 16/25  |  lr(head)=4.04e-05
  [TRAIN]
    step   50/933  loss=0.7098  acc=0.7575
    step  100/933  loss=0.7301  acc=0.7466
    step  150/933  loss=0.7312  acc=0.7469
    step  200/933  loss=0.7326  acc=0.7458
    step  250/933  loss=0.7284  acc=0.7484
    step  300/933  loss=0.7267  acc=0.7500
    step  350/933  loss=0.7282  acc=0.7502
    step  400/933  loss=0.7266  acc=0.7507
    step  450/933  loss=0.7257  acc=0.7521
    step  500/933  loss=0.7271  acc=0.7506
    step  550/933  loss=0.7280  acc=0.7500
    step  600/933  loss=0.7297  acc=0.7487
    step  650/933  loss=0.7286  acc=0.7483
    step  700/933  loss=0.7284  acc=0.7485
    step  750/933  loss=0.7278  acc=0.7489
    step  800/933  loss=0.7273  acc=0.7492
    step  850/933  loss=0.7257  acc=0.7505
    step  900/933  loss=0.7243  acc=0.7515
  [VAL]
  Pred-score distribution by true class:
    No_DR               mean=0.692  std=0.382  n=3872
    Mild                mean=0.911  std=0.449  n=366
    Moderate            mean=1.695  std=0.752  n=794
    Severe              mean=2.554  std=0.583  n=131
    Proliferate_DR      mean=3.289  std=0.769  n=106

  time=100s
  train  loss=0.7248  acc=0.7515  kappa=0.8893  f1=0.7513
  val    loss=0.9737  acc=0.6483  kappa=0.6453  f1=0.5143
  tuned  acc=0.7426  kappa=0.7404  f1=0.5234
  thresholds: [1.0729999542236328, 1.8250000476837158, 2.2899999618530273, 3.263000011444092]
  GPU: alloc=0.47GB / reserved=2.93GB / total=16.74GB
  EarlyStopping: 5/8

────────────────────────────────────────────────────────────
  Epoch 17/25  |  lr(head)=3.39e-05
  [TRAIN]
    step   50/933  loss=0.7195  acc=0.7544
    step  100/933  loss=0.7179  acc=0.7547
    step  150/933  loss=0.7247  acc=0.7515
    step  200/933  loss=0.7236  acc=0.7509
    step  250/933  loss=0.7218  acc=0.7491
    step  300/933  loss=0.7181  acc=0.7524
    step  350/933  loss=0.7213  acc=0.7524
    step  400/933  loss=0.7205  acc=0.7527
    step  450/933  loss=0.7194  acc=0.7533
    step  500/933  loss=0.7193  acc=0.7532
    step  550/933  loss=0.7195  acc=0.7527
    step  600/933  loss=0.7203  acc=0.7518
    step  650/933  loss=0.7191  acc=0.7525
    step  700/933  loss=0.7187  acc=0.7530
    step  750/933  loss=0.7178  acc=0.7539
    step  800/933  loss=0.7177  acc=0.7543
    step  850/933  loss=0.7167  acc=0.7547
    step  900/933  loss=0.7159  acc=0.7559
  [VAL]
  Pred-score distribution by true class:
    No_DR               mean=0.706  std=0.376  n=3872
    Mild                mean=0.922  std=0.440  n=366
    Moderate            mean=1.681  std=0.732  n=794
    Severe              mean=2.523  std=0.609  n=131
    Proliferate_DR      mean=3.252  std=0.794  n=106

  time=100s
  train  loss=0.7151  acc=0.7562  kappa=0.8892  f1=0.7544
  val    loss=0.9897  acc=0.6398  kappa=0.6420  f1=0.5134
  tuned  acc=0.7333  kappa=0.7382  f1=0.5024
  thresholds: [1.0499999523162842, 1.7730000019073486, 2.1519999504089355, 3.171999931335449]
  GPU: alloc=0.47GB / reserved=2.93GB / total=16.74GB
  EarlyStopping: 6/8

────────────────────────────────────────────────────────────
  Epoch 18/25  |  lr(head)=2.77e-05
  [TRAIN]
    step   50/933  loss=0.7086  acc=0.7638
    step  100/933  loss=0.7157  acc=0.7569
    step  150/933  loss=0.7225  acc=0.7573
    step  200/933  loss=0.7226  acc=0.7530
    step  250/933  loss=0.7237  acc=0.7516
    step  300/933  loss=0.7199  acc=0.7530
    step  350/933  loss=0.7187  acc=0.7519
    step  400/933  loss=0.7183  acc=0.7543
    step  450/933  loss=0.7160  acc=0.7553
    step  500/933  loss=0.7120  acc=0.7579
    step  550/933  loss=0.7119  acc=0.7582
    step  600/933  loss=0.7129  acc=0.7580
    step  650/933  loss=0.7142  acc=0.7571
    step  700/933  loss=0.7122  acc=0.7576
    step  750/933  loss=0.7122  acc=0.7579
    step  800/933  loss=0.7118  acc=0.7584
    step  850/933  loss=0.7111  acc=0.7593
    step  900/933  loss=0.7118  acc=0.7594
  [VAL]
  Pred-score distribution by true class:
    No_DR               mean=0.777  std=0.417  n=3872
    Mild                mean=0.990  std=0.455  n=366
    Moderate            mean=1.762  std=0.702  n=794
    Severe              mean=2.551  std=0.591  n=131
    Proliferate_DR      mean=3.341  std=0.747  n=106

  time=100s
  train  loss=0.7115  acc=0.7598  kappa=0.8911  f1=0.7597
  val    loss=1.0340  acc=0.6064  kappa=0.5985  f1=0.4936
  tuned  acc=0.7282  kappa=0.7326  f1=0.4863
  thresholds: [1.222000002861023, 1.8140000104904175, 2.046999931335449, 3.4590001106262207]
  GPU: alloc=0.47GB / reserved=2.93GB / total=16.74GB
  EarlyStopping: 7/8

────────────────────────────────────────────────────────────
  Epoch 19/25  |  lr(head)=2.20e-05
  [TRAIN]
    step   50/933  loss=0.7090  acc=0.7550
    step  100/933  loss=0.7029  acc=0.7606
    step  150/933  loss=0.7044  acc=0.7590
    step  200/933  loss=0.7033  acc=0.7597
    step  250/933  loss=0.7096  acc=0.7572
    step  300/933  loss=0.7091  acc=0.7577
    step  350/933  loss=0.7059  acc=0.7599
    step  400/933  loss=0.7015  acc=0.7627
    step  450/933  loss=0.7018  acc=0.7624
    step  500/933  loss=0.6990  acc=0.7642
    step  550/933  loss=0.7002  acc=0.7641
    step  600/933  loss=0.6987  acc=0.7652
    step  650/933  loss=0.6991  acc=0.7648
    step  700/933  loss=0.6996  acc=0.7646
    step  750/933  loss=0.6990  acc=0.7645
    step  800/933  loss=0.6985  acc=0.7652
    step  850/933  loss=0.6973  acc=0.7662
    step  900/933  loss=0.6978  acc=0.7660
  [VAL]
  Pred-score distribution by true class:
    No_DR               mean=0.736  std=0.379  n=3872
    Mild                mean=0.945  std=0.426  n=366
    Moderate            mean=1.679  std=0.676  n=794
    Severe              mean=2.461  std=0.577  n=131
    Proliferate_DR      mean=3.214  std=0.801  n=106

  time=100s
  train  loss=0.6985  acc=0.7657  kappa=0.8934  f1=0.7664
  val    loss=1.0105  acc=0.6183  kappa=0.6173  f1=0.5049
  tuned  acc=0.7111  kappa=0.7419  f1=0.4943
  thresholds: [1.0360000133514404, 1.8029999732971191, 2.003999948501587, 3.365000009536743]
  GPU: alloc=0.47GB / reserved=2.93GB / total=16.74GB
  Saved checkpoint → outputs/best_model.pth
  ★ new best kappa: 0.7419

────────────────────────────────────────────────────────────
  Epoch 20/25  |  lr(head)=1.67e-05
  [TRAIN]
    step   50/933  loss=0.7077  acc=0.7594
    step  100/933  loss=0.7038  acc=0.7616
    step  150/933  loss=0.6998  acc=0.7640
    step  200/933  loss=0.6935  acc=0.7716
    step  250/933  loss=0.6899  acc=0.7719
    step  300/933  loss=0.6907  acc=0.7706
    step  350/933  loss=0.6898  acc=0.7733
    step  400/933  loss=0.6913  acc=0.7712
    step  450/933  loss=0.6935  acc=0.7688
    step  500/933  loss=0.6955  acc=0.7684
    step  550/933  loss=0.6954  acc=0.7683
    step  600/933  loss=0.6953  acc=0.7688
    step  650/933  loss=0.6939  acc=0.7690
    step  700/933  loss=0.6929  acc=0.7701
    step  750/933  loss=0.6929  acc=0.7695
    step  800/933  loss=0.6946  acc=0.7681
    step  850/933  loss=0.6942  acc=0.7678
    step  900/933  loss=0.6941  acc=0.7680
  [VAL]
  Pred-score distribution by true class:
    No_DR               mean=0.662  std=0.368  n=3872
    Mild                mean=0.878  std=0.414  n=366
    Moderate            mean=1.633  std=0.709  n=794
    Severe              mean=2.438  std=0.619  n=131
    Proliferate_DR      mean=3.242  std=0.817  n=106

  time=100s
  train  loss=0.6927  acc=0.7689  kappa=0.8961  f1=0.7689
  val    loss=0.9495  acc=0.6690  kappa=0.6581  f1=0.5297
  tuned  acc=0.7485  kappa=0.7473  f1=0.5043
  thresholds: [1.0820000171661377, 1.6779999732971191, 2.002000093460083, 3.565999984741211]
  GPU: alloc=0.47GB / reserved=2.93GB / total=16.74GB
  Saved checkpoint → outputs/best_model.pth
  ★ new best kappa: 0.7473

  Per-class report:
                precision    recall  f1-score   support

         No_DR       0.88      0.90      0.89      3872
          Mild       0.13      0.20      0.16       366
      Moderate       0.71      0.28      0.40       794
        Severe       0.27      0.75      0.40       131
Proliferate_DR       0.82      0.57      0.67       106

      accuracy                           0.75      5269
     macro avg       0.56      0.54      0.50      5269
  weighted avg       0.78      0.75      0.75      5269


────────────────────────────────────────────────────────────
  Epoch 21/25  |  lr(head)=1.21e-05
  [TRAIN]
    step   50/933  loss=0.6918  acc=0.7731
    step  100/933  loss=0.6788  acc=0.7819
    step  150/933  loss=0.6823  acc=0.7762
    step  200/933  loss=0.6861  acc=0.7730
    step  250/933  loss=0.6880  acc=0.7735
    step  300/933  loss=0.6873  acc=0.7733
    step  350/933  loss=0.6865  acc=0.7750
    step  400/933  loss=0.6874  acc=0.7739
    step  450/933  loss=0.6873  acc=0.7735
    step  500/933  loss=0.6873  acc=0.7741
    step  550/933  loss=0.6916  acc=0.7716
    step  600/933  loss=0.6917  acc=0.7727
    step  650/933  loss=0.6929  acc=0.7716
    step  700/933  loss=0.6925  acc=0.7715
    step  750/933  loss=0.6939  acc=0.7707
    step  800/933  loss=0.6940  acc=0.7704
    step  850/933  loss=0.6935  acc=0.7708
    step  900/933  loss=0.6921  acc=0.7716
  [VAL]
  Pred-score distribution by true class:
    No_DR               mean=0.692  std=0.365  n=3872
    Mild                mean=0.903  std=0.416  n=366
    Moderate            mean=1.650  std=0.699  n=794
    Severe              mean=2.460  std=0.602  n=131
    Proliferate_DR      mean=3.255  std=0.803  n=106

  time=100s
  train  loss=0.6912  acc=0.7721  kappa=0.8985  f1=0.7728
  val    loss=0.9846  acc=0.6328  kappa=0.6424  f1=0.5159
  tuned  acc=0.7326  kappa=0.7474  f1=0.4941
  thresholds: [1.0449999570846558, 1.7489999532699585, 1.9880000352859497, 3.5360000133514404]
  GPU: alloc=0.47GB / reserved=2.93GB / total=16.74GB
  Saved checkpoint → outputs/best_model.pth
  ★ new best kappa: 0.7474

────────────────────────────────────────────────────────────
  Epoch 22/25  |  lr(head)=8.21e-06
  [TRAIN]
    step   50/933  loss=0.6816  acc=0.7837
    step  100/933  loss=0.6841  acc=0.7812
    step  150/933  loss=0.6830  acc=0.7758
    step  200/933  loss=0.6899  acc=0.7694
    step  250/933  loss=0.6842  acc=0.7729
    step  300/933  loss=0.6856  acc=0.7738
    step  350/933  loss=0.6866  acc=0.7729
    step  400/933  loss=0.6843  acc=0.7748
    step  450/933  loss=0.6853  acc=0.7738
    step  500/933  loss=0.6860  acc=0.7738
    step  550/933  loss=0.6865  acc=0.7725
    step  600/933  loss=0.6856  acc=0.7729
    step  650/933  loss=0.6846  acc=0.7732
    step  700/933  loss=0.6839  acc=0.7743
    step  750/933  loss=0.6836  acc=0.7738
    step  800/933  loss=0.6826  acc=0.7741
    step  850/933  loss=0.6815  acc=0.7747
    step  900/933  loss=0.6821  acc=0.7748
  [VAL]
  Pred-score distribution by true class:
    No_DR               mean=0.691  std=0.384  n=3872
    Mild                mean=0.919  std=0.441  n=366
    Moderate            mean=1.679  std=0.712  n=794
    Severe              mean=2.479  std=0.608  n=131
    Proliferate_DR      mean=3.260  std=0.799  n=106

  time=100s
  train  loss=0.6821  acc=0.7752  kappa=0.8974  f1=0.7741
  val    loss=0.9643  acc=0.6555  kappa=0.6454  f1=0.5146
  tuned  acc=0.7352  kappa=0.7465  f1=0.5052
  thresholds: [1.0449999570846558, 1.659999966621399, 1.996999979019165, 3.4630000591278076]
  GPU: alloc=0.47GB / reserved=2.93GB / total=16.74GB
  EarlyStopping: 1/8

────────────────────────────────────────────────────────────
  Epoch 23/25  |  lr(head)=5.10e-06
  [TRAIN]
    step   50/933  loss=0.6548  acc=0.7887
    step  100/933  loss=0.6692  acc=0.7825
    step  150/933  loss=0.6702  acc=0.7806
    step  200/933  loss=0.6709  acc=0.7798
    step  250/933  loss=0.6654  acc=0.7827
    step  300/933  loss=0.6634  acc=0.7832
    step  350/933  loss=0.6660  acc=0.7815
    step  400/933  loss=0.6657  acc=0.7808
    step  450/933  loss=0.6713  acc=0.7778
    step  500/933  loss=0.6730  acc=0.7775
    step  550/933  loss=0.6742  acc=0.7765
    step  600/933  loss=0.6728  acc=0.7769
    step  650/933  loss=0.6730  acc=0.7780
    step  700/933  loss=0.6739  acc=0.7779
    step  750/933  loss=0.6756  acc=0.7768
    step  800/933  loss=0.6756  acc=0.7764
    step  850/933  loss=0.6754  acc=0.7772
    step  900/933  loss=0.6751  acc=0.7776
  [VAL]
  Pred-score distribution by true class:
    No_DR               mean=0.679  std=0.389  n=3872
    Mild                mean=0.913  std=0.449  n=366
    Moderate            mean=1.673  std=0.708  n=794
    Severe              mean=2.476  std=0.602  n=131
    Proliferate_DR      mean=3.245  std=0.800  n=106

  time=100s
  train  loss=0.6748  acc=0.7780  kappa=0.9004  f1=0.7782
  val    loss=0.9667  acc=0.6544  kappa=0.6492  f1=0.5207
  tuned  acc=0.7218  kappa=0.7464  f1=0.4905
  thresholds: [1.00600004196167, 1.6859999895095825, 1.9910000562667847, 3.4860000610351562]
  GPU: alloc=0.47GB / reserved=2.93GB / total=16.74GB
  EarlyStopping: 2/8

────────────────────────────────────────────────────────────
  Epoch 24/25  |  lr(head)=2.84e-06
  [TRAIN]
    step   50/933  loss=0.6959  acc=0.7756
    step  100/933  loss=0.6878  acc=0.7784
    step  150/933  loss=0.6902  acc=0.7760
    step  200/933  loss=0.6869  acc=0.7758
    step  250/933  loss=0.6847  acc=0.7751
    step  300/933  loss=0.6839  acc=0.7759
    step  350/933  loss=0.6836  acc=0.7757
    step  400/933  loss=0.6822  acc=0.7762
    step  450/933  loss=0.6791  acc=0.7777
    step  500/933  loss=0.6798  acc=0.7774
    step  550/933  loss=0.6797  acc=0.7770
    step  600/933  loss=0.6801  acc=0.7772
    step  650/933  loss=0.6788  acc=0.7780
    step  700/933  loss=0.6782  acc=0.7779
    step  750/933  loss=0.6781  acc=0.7786
    step  800/933  loss=0.6788  acc=0.7780
    step  850/933  loss=0.6787  acc=0.7784
    step  900/933  loss=0.6777  acc=0.7786
  [VAL]
  Pred-score distribution by true class:
    No_DR               mean=0.691  std=0.387  n=3872
    Mild                mean=0.919  std=0.440  n=366
    Moderate            mean=1.676  std=0.707  n=794
    Severe              mean=2.487  std=0.612  n=131
    Proliferate_DR      mean=3.260  std=0.798  n=106

  time=100s
  train  loss=0.6776  acc=0.7788  kappa=0.9023  f1=0.7784
  val    loss=0.9734  acc=0.6517  kappa=0.6437  f1=0.5204
  tuned  acc=0.7303  kappa=0.7437  f1=0.5049
  thresholds: [1.0460000038146973, 1.7999999523162842, 2.072999954223633, 3.4700000286102295]
  GPU: alloc=0.47GB / reserved=2.93GB / total=16.74GB
  EarlyStopping: 3/8

────────────────────────────────────────────────────────────
  Epoch 25/25  |  lr(head)=1.46e-06
  [TRAIN]
    step   50/933  loss=0.6831  acc=0.7775
    step  100/933  loss=0.6778  acc=0.7731
    step  150/933  loss=0.6743  acc=0.7779
    step  200/933  loss=0.6726  acc=0.7753
    step  250/933  loss=0.6730  acc=0.7752
    step  300/933  loss=0.6731  acc=0.7782
    step  350/933  loss=0.6738  acc=0.7796
    step  400/933  loss=0.6741  acc=0.7788
    step  450/933  loss=0.6756  acc=0.7775
    step  500/933  loss=0.6762  acc=0.7777
    step  550/933  loss=0.6747  acc=0.7790
    step  600/933  loss=0.6746  acc=0.7794
    step  650/933  loss=0.6724  acc=0.7812
    step  700/933  loss=0.6718  acc=0.7821
    step  750/933  loss=0.6722  acc=0.7813
    step  800/933  loss=0.6729  acc=0.7815
    step  850/933  loss=0.6735  acc=0.7815
    step  900/933  loss=0.6742  acc=0.7812
  [VAL]
  Pred-score distribution by true class:
    No_DR               mean=0.690  std=0.392  n=3872
    Mild                mean=0.920  std=0.445  n=366
    Moderate            mean=1.680  std=0.705  n=794
    Severe              mean=2.480  std=0.608  n=131
    Proliferate_DR      mean=3.288  std=0.775  n=106

  time=100s
  train  loss=0.6730  acc=0.7823  kappa=0.8989  f1=0.7819
  val    loss=0.9727  acc=0.6460  kappa=0.6420  f1=0.5164
  tuned  acc=0.7176  kappa=0.7448  f1=0.4990
  thresholds: [1.0099999904632568, 1.8170000314712524, 2.009000062942505, 3.5940001010894775]
  GPU: alloc=0.47GB / reserved=2.93GB / total=16.74GB

  Per-class report:
                precision    recall  f1-score   support

         No_DR       0.89      0.86      0.87      3872
          Mild       0.12      0.28      0.17       366
      Moderate       0.73      0.24      0.36       794
        Severe       0.28      0.79      0.41       131
Proliferate_DR       0.84      0.58      0.68       106

      accuracy                           0.72      5269
     macro avg       0.57      0.55      0.50      5269
  weighted avg       0.79      0.72      0.73      5269

  EarlyStopping: 4/8

============================================================
  Done. Best Val Kappa: 0.7474
  Best model: outputs/best_model.pth
============================================================

  Dataset: Kaggle DR-2015 (training split)
  Image dir: src/data/processed
  Total: 35126  |  Train: 29857  |  Val: 5269

  Train class distribution:
    No_DR             :  21938  (73.5%)
    Mild              :   2077  (7.0%)
    Moderate          :   4498  (15.1%)
    Severe            :    742  (2.5%)
    Proliferate_DR    :    602  (2.0%)
  Loaded epoch 21  |  val_kappa=0.7474
  Using tuned thresholds: [1.0449999570846558, 1.7489999532699585, 1.9880000352859497, 3.5360000133514404]

=======================================================
  DIABETIC RETINOPATHY GRADING — FINAL RESULTS
=======================================================
  Quadratic Weighted Kappa : 0.7474
  Macro F1 Score           : 0.4941
  Accuracy                 : 0.7326
  Macro AUC-ROC (OvR)      : 0.8381
=======================================================

  Per-Class Report:
                precision    recall  f1-score   support

         No_DR       0.88      0.89      0.88      3872
          Mild       0.13      0.23      0.16       366
      Moderate       0.71      0.22      0.34       794
        Severe       0.27      0.82      0.40       131
Proliferate_DR       0.84      0.58      0.68       106

      accuracy                           0.73      5269
     macro avg       0.56      0.55      0.49      5269
  weighted avg       0.79      0.73      0.74      5269

  saved outputs/plots/confusion_matrix.png
  saved outputs/plots/prediction_distribution.png
  saved outputs/plots/training_curves.png
